2023-12-06 20:21:52,282 Inserted data into table with statement: INSERT INTO acd_seal_prediction_results VALUES ('2023-06-06 06:00:00', '2023-06-09 18:00:07', 'Available Data, hh:mm:ss', NULL, '3.5', NULL, 'acd')
2023-12-06 20:21:55,762 Inserted data into table with statement: INSERT INTO acd_seal_prediction_results VALUES ('2023-06-06 06:00:00', '2023-06-09 18:00:07', 'ACD Active, hh:mm:ss', NULL, '2.9383796296315268', NULL, 'acd')
2023-12-06 20:21:58,420 Inserted data into table with statement: INSERT INTO acd_seal_prediction_results VALUES ('2023-06-06 06:00:00', '2023-06-09 18:00:07', 'Drilling Time, hh:mm:ss', NULL, '1.6038773148320615', NULL, 'acd')
2023-12-06 20:22:01,310 Inserted data into table with statement: INSERT INTO acd_seal_prediction_results VALUES ('2023-06-06 06:00:00', '2023-06-09 18:00:07', 'Stripping Time, hh:mm:ss', NULL, '1.0001388888558722', NULL, 'acd')
2023-12-06 20:22:04,353 Inserted data into table with statement: INSERT INTO acd_seal_prediction_results VALUES ('2023-06-06 06:00:00', '2023-06-09 18:00:07', 'In-Slips Time, hh:mm:ss', NULL, '0.33436342594359303', NULL, 'acd')
2023-12-06 20:22:06,908 Inserted data into table with statement: INSERT INTO acd_seal_prediction_results VALUES ('2023-06-06 06:00:00', '2023-06-09 18:00:07', 'Lube Pump Active Time, hh:mm:ss', NULL, '0.001597222224518191', NULL, 'acd')
2023-12-06 20:22:09,472 Inserted data into table with statement: INSERT INTO acd_seal_prediction_results VALUES ('2023-06-06 06:00:00', '2023-06-09 18:00:07', 'Hole Measured Depth In', NULL, '12834.0', 'ft', 'acd')
2023-12-06 20:22:12,359 Inserted data into table with statement: INSERT INTO acd_seal_prediction_results VALUES ('2023-06-06 06:00:00', '2023-06-09 18:00:07', 'Hole Measured Depth Out', NULL, '12834.0', 'ft', 'acd')
2023-12-06 20:22:14,993 Inserted data into table with statement: INSERT INTO acd_seal_prediction_results VALUES ('2023-06-06 06:00:00', '2023-06-09 18:00:07', 'New Hole Drilled', NULL, '0.0', 'ft', 'acd')
2023-12-06 20:22:17,873 Inserted data into table with statement: INSERT INTO acd_seal_prediction_results VALUES ('2023-06-06 06:00:00', '2023-06-09 18:00:07', 'Drilled length', NULL, '11545.0', 'ft', 'acd')
2023-12-06 20:22:20,582 Inserted data into table with statement: INSERT INTO acd_seal_prediction_results VALUES ('2023-06-06 06:00:00', '2023-06-09 18:00:07', 'Stripped length', NULL, '19022.0', 'ft', 'acd')
2023-12-06 20:22:23,108 Inserted data into table with statement: INSERT INTO acd_seal_prediction_results VALUES ('2023-06-06 06:00:00', '2023-06-09 18:00:07', 'Average ROP, ft/hr', NULL, '299.9', NULL, 'acd')
2023-12-06 20:22:25,899 Inserted data into table with statement: INSERT INTO acd_seal_prediction_results VALUES ('2023-06-06 06:00:00', '2023-06-09 18:00:07', 'Pipe OD, in', NULL, '6.625', NULL, 'acd')
2023-12-06 20:22:29,204 Inserted data into table with statement: INSERT INTO acd_seal_prediction_results VALUES ('2023-06-06 06:00:00', '2023-06-09 18:00:07', 'Tool Joint OD, in', NULL, '8.5', NULL, 'acd')
2023-12-06 20:22:32,242 Inserted data into table with statement: INSERT INTO acd_seal_prediction_results VALUES ('2023-06-06 06:00:00', '2023-06-09 18:00:07', 'Total Revolutions, krev', NULL, '152.6', NULL, 'acd')
2023-12-06 20:22:34,901 Inserted data into table with statement: INSERT INTO acd_seal_prediction_results VALUES ('2023-06-06 06:00:00', '2023-06-09 18:00:07', 'Average RPM', NULL, '66.09462745734449', NULL, 'acd')
2023-12-06 20:22:37,609 Inserted data into table with statement: INSERT INTO acd_seal_prediction_results VALUES ('2023-06-06 06:00:00', '2023-06-09 18:00:07', 'Maximum RPM', NULL, '179.0', NULL, 'acd')
2023-12-06 20:22:40,420 Inserted data into table with statement: INSERT INTO acd_seal_prediction_results VALUES ('2023-06-06 06:00:00', '2023-06-09 18:00:07', 'Total Rotary Displacement', NULL, '264815.0', NULL, 'acd')
2023-12-06 20:22:43,300 Inserted data into table with statement: INSERT INTO acd_seal_prediction_results VALUES ('2023-06-06 06:00:00', '2023-06-09 18:00:07', 'Total Axial Displacement', NULL, '30567.0', NULL, 'acd')
2023-12-06 20:22:46,116 Inserted data into table with statement: INSERT INTO acd_seal_prediction_results VALUES ('2023-06-06 06:00:00', '2023-06-09 18:00:07', 'Total Displacement', NULL, '290705.0', NULL, 'acd')
2023-12-06 20:22:49,156 Inserted data into table with statement: INSERT INTO acd_seal_prediction_results VALUES ('2023-06-06 06:00:00', '2023-06-09 18:00:07', 'Axial/Rotary Displacement, %', NULL, '11.542775144912486', NULL, 'acd')
2023-12-06 20:22:51,882 Inserted data into table with statement: INSERT INTO acd_seal_prediction_results VALUES ('2023-06-06 06:00:00', '2023-06-09 18:00:07', 'UACD: Rotated Tool Joints', 'Total', '211.0', NULL, 'acd')
2023-12-06 20:22:54,468 Inserted data into table with statement: INSERT INTO acd_seal_prediction_results VALUES ('2023-06-06 06:00:00', '2023-06-09 18:00:07', 'UACD: Rotated Tool Joints', 'TJ1', '76.0', NULL, 'acd')
2023-12-06 20:22:57,219 Inserted data into table with statement: INSERT INTO acd_seal_prediction_results VALUES ('2023-06-06 06:00:00', '2023-06-09 18:00:07', 'UACD: Rotated Tool Joints', 'TJ2', '81.0', NULL, 'acd')
2023-12-06 20:23:00,158 Inserted data into table with statement: INSERT INTO acd_seal_prediction_results VALUES ('2023-06-06 06:00:00', '2023-06-09 18:00:07', 'UACD: Rotated Tool Joints', 'TJ3', '54.0', NULL, 'acd')
2023-12-06 20:23:03,219 Inserted data into table with statement: INSERT INTO acd_seal_prediction_results VALUES ('2023-06-06 06:00:00', '2023-06-09 18:00:07', 'UACD: Stripped Tool Joints', 'Total', '184.0', NULL, 'acd')
2023-12-06 20:23:05,985 Inserted data into table with statement: INSERT INTO acd_seal_prediction_results VALUES ('2023-06-06 06:00:00', '2023-06-09 18:00:07', 'UACD: Stripped Tool Joints', 'TJ1', '55.0', NULL, 'acd')
2023-12-06 20:23:08,883 Inserted data into table with statement: INSERT INTO acd_seal_prediction_results VALUES ('2023-06-06 06:00:00', '2023-06-09 18:00:07', 'UACD: Stripped Tool Joints', 'TJ2', '66.0', NULL, 'acd')
2023-12-06 20:23:11,633 Inserted data into table with statement: INSERT INTO acd_seal_prediction_results VALUES ('2023-06-06 06:00:00', '2023-06-09 18:00:07', 'UACD: Stripped Tool Joints', 'TJ3', '63.0', NULL, 'acd')
2023-12-06 20:23:14,664 Inserted data into table with statement: INSERT INTO acd_seal_prediction_results VALUES ('2023-06-06 06:00:00', '2023-06-09 18:00:07', 'LACD: Rotated Tool Joints', 'Total', '213.0', NULL, 'acd')
2023-12-06 20:23:17,347 Inserted data into table with statement: INSERT INTO acd_seal_prediction_results VALUES ('2023-06-06 06:00:00', '2023-06-09 18:00:07', 'LACD: Rotated Tool Joints', 'TJ1', '77.0', NULL, 'acd')
2023-12-06 20:23:19,961 Inserted data into table with statement: INSERT INTO acd_seal_prediction_results VALUES ('2023-06-06 06:00:00', '2023-06-09 18:00:07', 'LACD: Rotated Tool Joints', 'TJ2', '81.0', NULL, 'acd')
2023-12-06 20:23:22,992 Inserted data into table with statement: INSERT INTO acd_seal_prediction_results VALUES ('2023-06-06 06:00:00', '2023-06-09 18:00:07', 'LACD: Rotated Tool Joints', 'TJ3', '55.0', NULL, 'acd')
2023-12-06 20:23:26,323 Inserted data into table with statement: INSERT INTO acd_seal_prediction_results VALUES ('2023-06-06 06:00:00', '2023-06-09 18:00:07', 'LACD: Stripped Tool Joints', 'Total', '189.0', NULL, 'acd')
2023-12-06 20:23:28,903 Inserted data into table with statement: INSERT INTO acd_seal_prediction_results VALUES ('2023-06-06 06:00:00', '2023-06-09 18:00:07', 'LACD: Stripped Tool Joints', 'TJ1', '55.0', NULL, 'acd')
2023-12-06 20:23:31,416 Inserted data into table with statement: INSERT INTO acd_seal_prediction_results VALUES ('2023-06-06 06:00:00', '2023-06-09 18:00:07', 'LACD: Stripped Tool Joints', 'TJ2', '72.0', NULL, 'acd')
2023-12-06 20:23:34,100 Inserted data into table with statement: INSERT INTO acd_seal_prediction_results VALUES ('2023-06-06 06:00:00', '2023-06-09 18:00:07', 'LACD: Stripped Tool Joints', 'TJ3', '62.0', NULL, 'acd')
2023-12-06 20:23:36,779 Inserted data into table with statement: INSERT INTO acd_seal_prediction_results VALUES ('2023-06-06 06:00:00', '2023-06-09 18:00:07', 'UACD: Equivalent Drilled Footage', NULL, '9495.0', 'ft', 'acd')
2023-12-06 20:23:39,825 Inserted data into table with statement: INSERT INTO acd_seal_prediction_results VALUES ('2023-06-06 06:00:00', '2023-06-09 18:00:07', 'UACD: Equivalent Stripped Footage', NULL, '8280.0', 'ft', 'acd')
2023-12-06 20:23:42,378 Inserted data into table with statement: INSERT INTO acd_seal_prediction_results VALUES ('2023-06-06 06:00:00', '2023-06-09 18:00:07', 'LACD: Equivalent Drilled Footage', NULL, '9585.0', 'ft', 'acd')
2023-12-06 20:23:45,087 Inserted data into table with statement: INSERT INTO acd_seal_prediction_results VALUES ('2023-06-06 06:00:00', '2023-06-09 18:00:07', 'LACD: Equivalent Stripped Footage', NULL, '8505.0', 'ft', 'acd')
2023-12-06 20:23:47,934 Inserted data into table with statement: INSERT INTO acd_seal_prediction_results VALUES ('2023-06-06 06:00:00', '2023-06-09 18:00:07', 'UACD: Applied Mechanical Energy, ft-lb', NULL, '107378513219.54807', NULL, 'acd')
2023-12-06 20:23:54,303 Inserted data into table with statement: INSERT INTO acd_seal_prediction_results VALUES ('2023-06-06 06:00:00', '2023-06-09 18:00:07', 'LACD: Applied Mechanical Energy, ft-lb', NULL, '134368579323.03793', NULL, 'acd')
2023-12-06 20:23:56,932 Inserted data into table with statement: INSERT INTO acd_seal_prediction_results VALUES ('2023-06-06 06:00:00', '2023-06-09 18:00:07', 'UACD: Effective Mechanical Energy, ft-lb', NULL, '4243422849.199705', NULL, 'acd')
2023-12-06 20:24:00,147 Inserted data into table with statement: INSERT INTO acd_seal_prediction_results VALUES ('2023-06-06 06:00:00', '2023-06-09 18:00:07', 'LACD: Effective Mechanical Energy, ft-lb', NULL, '24611840804.918915', NULL, 'acd')
2023-12-06 20:24:03,174 Inserted data into table with statement: INSERT INTO acd_seal_prediction_results VALUES ('2023-06-06 06:00:00', '2023-06-09 18:00:07', 'UACD: Combined Energy Formula, ft-lb', NULL, '28968763370.854256', NULL, 'acd')
2023-12-06 20:24:06,035 Inserted data into table with statement: INSERT INTO acd_seal_prediction_results VALUES ('2023-06-06 06:00:00', '2023-06-09 18:00:07', 'LACD: Combined Energy Formula, ft-lb', NULL, '40027971239.47214', NULL, 'acd')
2023-12-06 20:24:08,812 Inserted data into table with statement: INSERT INTO acd_seal_prediction_results VALUES ('2023-06-06 06:00:00', '2023-06-09 18:00:07', 'Available Data, hh:mm:ss', NULL, '3.5', NULL, 'dsit')
2023-12-06 20:24:12,033 Inserted data into table with statement: INSERT INTO acd_seal_prediction_results VALUES ('2023-06-06 06:00:00', '2023-06-09 18:00:07', 'DSIT Active, hh:mm:ss', NULL, NULL, NULL, 'dsit')
2023-12-06 20:24:14,903 Inserted data into table with statement: INSERT INTO acd_seal_prediction_results VALUES ('2023-06-06 06:00:00', '2023-06-09 18:00:07', 'Drilled length', NULL, '0.0', 'ft', 'dsit')
2023-12-06 20:24:17,505 Inserted data into table with statement: INSERT INTO acd_seal_prediction_results VALUES ('2023-06-06 06:00:00', '2023-06-09 18:00:07', 'Stripped length', NULL, '0.0', 'ft', 'dsit')
2023-12-06 20:24:20,375 Inserted data into table with statement: INSERT INTO acd_seal_prediction_results VALUES ('2023-06-06 06:00:00', '2023-06-09 18:00:07', 'Total Revolutions, rev', NULL, '0.0', NULL, 'dsit')
2023-12-06 20:24:22,961 Inserted data into table with statement: INSERT INTO acd_seal_prediction_results VALUES ('2023-06-06 06:00:00', '2023-06-09 18:00:07', 'Total Rotary Displacement', NULL, '0.0', 'ft', 'dsit')
2023-12-06 20:24:25,988 Inserted data into table with statement: INSERT INTO acd_seal_prediction_results VALUES ('2023-06-06 06:00:00', '2023-06-09 18:00:07', 'Total Axial Displacement', NULL, '0.0', 'ft', 'dsit')
2023-12-06 20:24:28,695 Inserted data into table with statement: INSERT INTO acd_seal_prediction_results VALUES ('2023-06-06 06:00:00', '2023-06-09 18:00:07', 'Total Displacement', NULL, '0.0', 'ft', 'dsit')
2023-12-06 20:24:31,395 Inserted data into table with statement: INSERT INTO acd_seal_prediction_results VALUES ('2023-06-06 06:00:00', '2023-06-09 18:00:07', 'Rotary/Axial Displacement, %', NULL, NULL, '%', 'dsit')
2023-12-06 20:24:34,121 Inserted data into table with statement: INSERT INTO acd_seal_prediction_results VALUES ('2023-06-06 06:00:00', '2023-06-09 18:00:07', 'DSIT: Rotated Tool Joints', 'Total', '0.0', NULL, 'dsit')
2023-12-06 20:24:36,868 Inserted data into table with statement: INSERT INTO acd_seal_prediction_results VALUES ('2023-06-06 06:00:00', '2023-06-09 18:00:07', 'DSIT: Rotated Tool Joints', 'TJ1', NULL, NULL, 'dsit')
2023-12-06 20:24:40,788 Inserted data into table with statement: INSERT INTO acd_seal_prediction_results VALUES ('2023-06-06 06:00:00', '2023-06-09 18:00:07', 'DSIT: Rotated Tool Joints', 'TJ2', NULL, NULL, 'dsit')
2023-12-06 20:24:43,348 Inserted data into table with statement: INSERT INTO acd_seal_prediction_results VALUES ('2023-06-06 06:00:00', '2023-06-09 18:00:07', 'DSIT: Rotated Tool Joints', 'TJ3', NULL, NULL, 'dsit')
2023-12-06 20:24:46,585 Inserted data into table with statement: INSERT INTO acd_seal_prediction_results VALUES ('2023-06-06 06:00:00', '2023-06-09 18:00:07', 'DSIT: Stripped Tool Joints', 'Total', '0.0', NULL, 'dsit')
2023-12-06 20:24:49,200 Inserted data into table with statement: INSERT INTO acd_seal_prediction_results VALUES ('2023-06-06 06:00:00', '2023-06-09 18:00:07', 'DSIT: Stripped Tool Joints', 'TJ1', NULL, NULL, 'dsit')
2023-12-06 20:24:51,797 Inserted data into table with statement: INSERT INTO acd_seal_prediction_results VALUES ('2023-06-06 06:00:00', '2023-06-09 18:00:07', 'DSIT: Stripped Tool Joints', 'TJ2', NULL, NULL, 'dsit')
2023-12-06 20:24:54,394 Inserted data into table with statement: INSERT INTO acd_seal_prediction_results VALUES ('2023-06-06 06:00:00', '2023-06-09 18:00:07', 'DSIT: Stripped Tool Joints', 'TJ3', NULL, NULL, 'dsit')
2023-12-06 20:24:57,520 Inserted data into table with statement: INSERT INTO acd_seal_prediction_results VALUES ('2023-06-06 06:00:00', '2023-06-09 18:00:07', 'DSIT: Equivalent Stripped Footage', NULL, '0.0', 'ft', 'dsit')
2023-12-06 20:25:00,223 Inserted data into table with statement: INSERT INTO acd_seal_prediction_results VALUES ('2023-06-06 06:00:00', '2023-06-09 18:00:07', 'Closure Cycles', NULL, '0.0', NULL, 'dsit')
2023-12-11 18:55:36,733 Found credentials in shared credentials file: ~/.aws/credentials
2023-12-11 19:03:10,589 Found credentials in shared credentials file: ~/.aws/credentials
2023-12-11 19:45:29,180 Found credentials in shared credentials file: ~/.aws/credentials
2023-12-11 19:52:53,142 Inserted data into table with statement: INSERT INTO acd_seal_prediction_results VALUES ('2023-06-06 06:00:00', '2023-06-09 18:00:07', 'Available Data, hh:mm:ss', NULL, '3.5', NULL, 'acd')
2023-12-11 19:53:01,628 Inserted data into table with statement: INSERT INTO acd_seal_prediction_results VALUES ('2023-06-06 06:00:00', '2023-06-09 18:00:07', 'ACD Active, hh:mm:ss', NULL, '2.9383796296315268', NULL, 'acd')
2023-12-11 19:53:05,177 Inserted data into table with statement: INSERT INTO acd_seal_prediction_results VALUES ('2023-06-06 06:00:00', '2023-06-09 18:00:07', 'Drilling Time, hh:mm:ss', NULL, '1.6038773148320615', NULL, 'acd')
2023-12-11 19:53:08,795 Inserted data into table with statement: INSERT INTO acd_seal_prediction_results VALUES ('2023-06-06 06:00:00', '2023-06-09 18:00:07', 'Stripping Time, hh:mm:ss', NULL, '1.0001388888558722', NULL, 'acd')
2023-12-11 19:53:11,814 Inserted data into table with statement: INSERT INTO acd_seal_prediction_results VALUES ('2023-06-06 06:00:00', '2023-06-09 18:00:07', 'In-Slips Time, hh:mm:ss', NULL, '0.33436342594359303', NULL, 'acd')
2023-12-11 19:53:15,218 Inserted data into table with statement: INSERT INTO acd_seal_prediction_results VALUES ('2023-06-06 06:00:00', '2023-06-09 18:00:07', 'Lube Pump Active Time, hh:mm:ss', NULL, '0.001597222224518191', NULL, 'acd')
2023-12-11 19:53:18,800 Inserted data into table with statement: INSERT INTO acd_seal_prediction_results VALUES ('2023-06-06 06:00:00', '2023-06-09 18:00:07', 'Hole Measured Depth In', NULL, '12834.0', 'ft', 'acd')
2023-12-11 19:53:22,629 Inserted data into table with statement: INSERT INTO acd_seal_prediction_results VALUES ('2023-06-06 06:00:00', '2023-06-09 18:00:07', 'Hole Measured Depth Out', NULL, '12834.0', 'ft', 'acd')
2023-12-11 19:53:25,779 Inserted data into table with statement: INSERT INTO acd_seal_prediction_results VALUES ('2023-06-06 06:00:00', '2023-06-09 18:00:07', 'New Hole Drilled', NULL, '0.0', 'ft', 'acd')
2023-12-11 19:53:28,797 Inserted data into table with statement: INSERT INTO acd_seal_prediction_results VALUES ('2023-06-06 06:00:00', '2023-06-09 18:00:07', 'Drilled length', NULL, '11545.0', 'ft', 'acd')
2023-12-11 19:53:31,820 Inserted data into table with statement: INSERT INTO acd_seal_prediction_results VALUES ('2023-06-06 06:00:00', '2023-06-09 18:00:07', 'Stripped length', NULL, '19022.0', 'ft', 'acd')
2023-12-11 19:53:34,677 Inserted data into table with statement: INSERT INTO acd_seal_prediction_results VALUES ('2023-06-06 06:00:00', '2023-06-09 18:00:07', 'Average ROP, ft/hr', NULL, '299.9', NULL, 'acd')
2023-12-11 19:53:37,635 Inserted data into table with statement: INSERT INTO acd_seal_prediction_results VALUES ('2023-06-06 06:00:00', '2023-06-09 18:00:07', 'Pipe OD, in', NULL, '6.63', NULL, 'acd')
2023-12-11 19:53:41,425 Inserted data into table with statement: INSERT INTO acd_seal_prediction_results VALUES ('2023-06-06 06:00:00', '2023-06-09 18:00:07', 'Tool Joint OD, in', NULL, '8.5', NULL, 'acd')
2023-12-11 19:53:44,537 Inserted data into table with statement: INSERT INTO acd_seal_prediction_results VALUES ('2023-06-06 06:00:00', '2023-06-09 18:00:07', 'Total Revolutions, krev', NULL, '152.6', NULL, 'acd')
2023-12-11 19:53:47,910 Inserted data into table with statement: INSERT INTO acd_seal_prediction_results VALUES ('2023-06-06 06:00:00', '2023-06-09 18:00:07', 'Average RPM', NULL, '66.09462745734449', NULL, 'acd')
2023-12-11 19:53:51,174 Inserted data into table with statement: INSERT INTO acd_seal_prediction_results VALUES ('2023-06-06 06:00:00', '2023-06-09 18:00:07', 'Maximum RPM', NULL, '179.0', NULL, 'acd')
2023-12-11 19:53:55,019 Inserted data into table with statement: INSERT INTO acd_seal_prediction_results VALUES ('2023-06-06 06:00:00', '2023-06-09 18:00:07', 'Total Rotary Displacement', NULL, '265014.0', NULL, 'acd')
2023-12-11 19:53:58,120 Inserted data into table with statement: INSERT INTO acd_seal_prediction_results VALUES ('2023-06-06 06:00:00', '2023-06-09 18:00:07', 'Total Axial Displacement', NULL, '30567.0', NULL, 'acd')
2023-12-11 19:54:01,025 Inserted data into table with statement: INSERT INTO acd_seal_prediction_results VALUES ('2023-06-06 06:00:00', '2023-06-09 18:00:07', 'Total Displacement', NULL, '290892.8', NULL, 'acd')
2023-12-11 19:54:04,144 Inserted data into table with statement: INSERT INTO acd_seal_prediction_results VALUES ('2023-06-06 06:00:00', '2023-06-09 18:00:07', 'Axial/Rotary Displacement, %', NULL, '11.534107632049627', NULL, 'acd')
2023-12-11 19:54:07,254 Inserted data into table with statement: INSERT INTO acd_seal_prediction_results VALUES ('2023-06-06 06:00:00', '2023-06-09 18:00:07', 'UACD: Rotated Tool Joints', 'Total', '211.0', NULL, 'acd')
2023-12-11 19:54:10,501 Inserted data into table with statement: INSERT INTO acd_seal_prediction_results VALUES ('2023-06-06 06:00:00', '2023-06-09 18:00:07', 'UACD: Rotated Tool Joints', 'TJ1', '76.0', NULL, 'acd')
2023-12-11 19:54:13,288 Inserted data into table with statement: INSERT INTO acd_seal_prediction_results VALUES ('2023-06-06 06:00:00', '2023-06-09 18:00:07', 'UACD: Rotated Tool Joints', 'TJ2', '81.0', NULL, 'acd')
2023-12-11 19:54:16,209 Inserted data into table with statement: INSERT INTO acd_seal_prediction_results VALUES ('2023-06-06 06:00:00', '2023-06-09 18:00:07', 'UACD: Rotated Tool Joints', 'TJ3', '54.0', NULL, 'acd')
2023-12-11 19:54:18,923 Inserted data into table with statement: INSERT INTO acd_seal_prediction_results VALUES ('2023-06-06 06:00:00', '2023-06-09 18:00:07', 'UACD: Stripped Tool Joints', 'Total', '184.0', NULL, 'acd')
2023-12-11 19:54:21,893 Inserted data into table with statement: INSERT INTO acd_seal_prediction_results VALUES ('2023-06-06 06:00:00', '2023-06-09 18:00:07', 'UACD: Stripped Tool Joints', 'TJ1', '55.0', NULL, 'acd')
2023-12-11 19:54:24,787 Inserted data into table with statement: INSERT INTO acd_seal_prediction_results VALUES ('2023-06-06 06:00:00', '2023-06-09 18:00:07', 'UACD: Stripped Tool Joints', 'TJ2', '66.0', NULL, 'acd')
2023-12-11 19:54:27,604 Inserted data into table with statement: INSERT INTO acd_seal_prediction_results VALUES ('2023-06-06 06:00:00', '2023-06-09 18:00:07', 'UACD: Stripped Tool Joints', 'TJ3', '63.0', NULL, 'acd')
2023-12-11 19:54:30,176 Inserted data into table with statement: INSERT INTO acd_seal_prediction_results VALUES ('2023-06-06 06:00:00', '2023-06-09 18:00:07', 'LACD: Rotated Tool Joints', 'Total', '213.0', NULL, 'acd')
2023-12-11 19:54:33,318 Inserted data into table with statement: INSERT INTO acd_seal_prediction_results VALUES ('2023-06-06 06:00:00', '2023-06-09 18:00:07', 'LACD: Rotated Tool Joints', 'TJ1', '77.0', NULL, 'acd')
2023-12-11 19:54:36,048 Inserted data into table with statement: INSERT INTO acd_seal_prediction_results VALUES ('2023-06-06 06:00:00', '2023-06-09 18:00:07', 'LACD: Rotated Tool Joints', 'TJ2', '81.0', NULL, 'acd')
2023-12-11 19:54:38,863 Inserted data into table with statement: INSERT INTO acd_seal_prediction_results VALUES ('2023-06-06 06:00:00', '2023-06-09 18:00:07', 'LACD: Rotated Tool Joints', 'TJ3', '55.0', NULL, 'acd')
2023-12-11 19:54:41,719 Inserted data into table with statement: INSERT INTO acd_seal_prediction_results VALUES ('2023-06-06 06:00:00', '2023-06-09 18:00:07', 'LACD: Stripped Tool Joints', 'Total', '189.0', NULL, 'acd')
2023-12-11 19:54:45,304 Inserted data into table with statement: INSERT INTO acd_seal_prediction_results VALUES ('2023-06-06 06:00:00', '2023-06-09 18:00:07', 'LACD: Stripped Tool Joints', 'TJ1', '55.0', NULL, 'acd')
2023-12-11 19:54:48,877 Inserted data into table with statement: INSERT INTO acd_seal_prediction_results VALUES ('2023-06-06 06:00:00', '2023-06-09 18:00:07', 'LACD: Stripped Tool Joints', 'TJ2', '72.0', NULL, 'acd')
2023-12-11 19:54:52,184 Inserted data into table with statement: INSERT INTO acd_seal_prediction_results VALUES ('2023-06-06 06:00:00', '2023-06-09 18:00:07', 'LACD: Stripped Tool Joints', 'TJ3', '62.0', NULL, 'acd')
2023-12-11 19:54:55,353 Inserted data into table with statement: INSERT INTO acd_seal_prediction_results VALUES ('2023-06-06 06:00:00', '2023-06-09 18:00:07', 'UACD: Equivalent Drilled Footage', NULL, '9495.0', 'ft', 'acd')
2023-12-11 19:54:58,329 Inserted data into table with statement: INSERT INTO acd_seal_prediction_results VALUES ('2023-06-06 06:00:00', '2023-06-09 18:00:07', 'UACD: Equivalent Stripped Footage', NULL, '8280.0', 'ft', 'acd')
2023-12-11 19:55:02,119 Inserted data into table with statement: INSERT INTO acd_seal_prediction_results VALUES ('2023-06-06 06:00:00', '2023-06-09 18:00:07', 'LACD: Equivalent Drilled Footage', NULL, '9585.0', 'ft', 'acd')
2023-12-11 19:55:05,127 Inserted data into table with statement: INSERT INTO acd_seal_prediction_results VALUES ('2023-06-06 06:00:00', '2023-06-09 18:00:07', 'LACD: Equivalent Stripped Footage', NULL, '8505.0', 'ft', 'acd')
2023-12-11 19:55:08,047 Inserted data into table with statement: INSERT INTO acd_seal_prediction_results VALUES ('2023-06-06 06:00:00', '2023-06-09 18:00:07', 'UACD: Applied Mechanical Energy, ft-lb', NULL, '107525434110.397', NULL, 'acd')
2023-12-11 19:55:11,132 Inserted data into table with statement: INSERT INTO acd_seal_prediction_results VALUES ('2023-06-06 06:00:00', '2023-06-09 18:00:07', 'LACD: Applied Mechanical Energy, ft-lb', NULL, '134549949910.34407', NULL, 'acd')
2023-12-11 19:55:13,933 Inserted data into table with statement: INSERT INTO acd_seal_prediction_results VALUES ('2023-06-06 06:00:00', '2023-06-09 18:00:07', 'UACD: Effective Mechanical Energy, ft-lb', NULL, '4247069866.457826', NULL, 'acd')
2023-12-11 19:55:16,608 Inserted data into table with statement: INSERT INTO acd_seal_prediction_results VALUES ('2023-06-06 06:00:00', '2023-06-09 18:00:07', 'LACD: Effective Mechanical Energy, ft-lb', NULL, '24642709049.38822', NULL, 'acd')
2023-12-11 19:55:19,399 Inserted data into table with statement: INSERT INTO acd_seal_prediction_results VALUES ('2023-06-06 06:00:00', '2023-06-09 18:00:07', 'UACD: Combined Energy Formula, ft-lb', NULL, '29006259467.167877', NULL, 'acd')
2023-12-11 19:55:22,264 Inserted data into table with statement: INSERT INTO acd_seal_prediction_results VALUES ('2023-06-06 06:00:00', '2023-06-09 18:00:07', 'LACD: Combined Energy Formula, ft-lb', NULL, '40079796217.615265', NULL, 'acd')
2023-12-11 19:55:24,977 Inserted data into table with statement: INSERT INTO acd_seal_prediction_results VALUES ('2023-06-06 06:00:00', '2023-06-09 18:00:07', 'Available Data, hh:mm:ss', NULL, '3.5', NULL, 'dsit')
2023-12-11 19:55:27,617 Inserted data into table with statement: INSERT INTO acd_seal_prediction_results VALUES ('2023-06-06 06:00:00', '2023-06-09 18:00:07', 'DSIT Active, hh:mm:ss', NULL, NULL, NULL, 'dsit')
2023-12-11 19:55:30,370 Inserted data into table with statement: INSERT INTO acd_seal_prediction_results VALUES ('2023-06-06 06:00:00', '2023-06-09 18:00:07', 'Drilled length', NULL, '0.0', 'ft', 'dsit')
2023-12-11 19:55:33,481 Inserted data into table with statement: INSERT INTO acd_seal_prediction_results VALUES ('2023-06-06 06:00:00', '2023-06-09 18:00:07', 'Stripped length', NULL, '0.0', 'ft', 'dsit')
2023-12-11 19:55:36,284 Inserted data into table with statement: INSERT INTO acd_seal_prediction_results VALUES ('2023-06-06 06:00:00', '2023-06-09 18:00:07', 'Total Revolutions, rev', NULL, '0.0', NULL, 'dsit')
2023-12-11 19:55:39,178 Inserted data into table with statement: INSERT INTO acd_seal_prediction_results VALUES ('2023-06-06 06:00:00', '2023-06-09 18:00:07', 'Total Rotary Displacement', NULL, '0.0', 'ft', 'dsit')
2023-12-11 19:55:42,561 Inserted data into table with statement: INSERT INTO acd_seal_prediction_results VALUES ('2023-06-06 06:00:00', '2023-06-09 18:00:07', 'Total Axial Displacement', NULL, '0.0', 'ft', 'dsit')
2023-12-11 19:55:45,710 Inserted data into table with statement: INSERT INTO acd_seal_prediction_results VALUES ('2023-06-06 06:00:00', '2023-06-09 18:00:07', 'Total Displacement', NULL, '0.0', 'ft', 'dsit')
2023-12-11 19:55:48,995 Inserted data into table with statement: INSERT INTO acd_seal_prediction_results VALUES ('2023-06-06 06:00:00', '2023-06-09 18:00:07', 'Rotary/Axial Displacement, %', NULL, NULL, '%', 'dsit')
2023-12-11 19:55:51,829 Inserted data into table with statement: INSERT INTO acd_seal_prediction_results VALUES ('2023-06-06 06:00:00', '2023-06-09 18:00:07', 'DSIT: Rotated Tool Joints', 'Total', '0.0', NULL, 'dsit')
2023-12-11 19:55:55,903 Inserted data into table with statement: INSERT INTO acd_seal_prediction_results VALUES ('2023-06-06 06:00:00', '2023-06-09 18:00:07', 'DSIT: Rotated Tool Joints', 'TJ1', NULL, NULL, 'dsit')
2023-12-11 19:55:59,183 Inserted data into table with statement: INSERT INTO acd_seal_prediction_results VALUES ('2023-06-06 06:00:00', '2023-06-09 18:00:07', 'DSIT: Rotated Tool Joints', 'TJ2', NULL, NULL, 'dsit')
2023-12-11 19:56:02,100 Inserted data into table with statement: INSERT INTO acd_seal_prediction_results VALUES ('2023-06-06 06:00:00', '2023-06-09 18:00:07', 'DSIT: Rotated Tool Joints', 'TJ3', NULL, NULL, 'dsit')
2023-12-11 19:56:05,184 Inserted data into table with statement: INSERT INTO acd_seal_prediction_results VALUES ('2023-06-06 06:00:00', '2023-06-09 18:00:07', 'DSIT: Stripped Tool Joints', 'Total', '0.0', NULL, 'dsit')
2023-12-11 19:56:07,894 Inserted data into table with statement: INSERT INTO acd_seal_prediction_results VALUES ('2023-06-06 06:00:00', '2023-06-09 18:00:07', 'DSIT: Stripped Tool Joints', 'TJ1', NULL, NULL, 'dsit')
2023-12-11 19:56:10,609 Inserted data into table with statement: INSERT INTO acd_seal_prediction_results VALUES ('2023-06-06 06:00:00', '2023-06-09 18:00:07', 'DSIT: Stripped Tool Joints', 'TJ2', NULL, NULL, 'dsit')
2023-12-11 19:56:13,616 Inserted data into table with statement: INSERT INTO acd_seal_prediction_results VALUES ('2023-06-06 06:00:00', '2023-06-09 18:00:07', 'DSIT: Stripped Tool Joints', 'TJ3', NULL, NULL, 'dsit')
2023-12-11 19:56:16,340 Inserted data into table with statement: INSERT INTO acd_seal_prediction_results VALUES ('2023-06-06 06:00:00', '2023-06-09 18:00:07', 'DSIT: Equivalent Stripped Footage', NULL, '0.0', 'ft', 'dsit')
2023-12-11 19:56:19,204 Inserted data into table with statement: INSERT INTO acd_seal_prediction_results VALUES ('2023-06-06 06:00:00', '2023-06-09 18:00:07', 'Closure Cycles', NULL, '0.0', NULL, 'dsit')
2023-12-13 15:25:50,806 Found credentials in shared credentials file: ~/.aws/credentials
2023-12-13 15:41:04,715 Found credentials in shared credentials file: ~/.aws/credentials
2023-12-13 16:35:32,896 Found credentials in shared credentials file: ~/.aws/credentials
2023-12-13 16:41:11,835 Found credentials in shared credentials file: ~/.aws/credentials
2023-12-13 17:01:20,631 Found credentials in shared credentials file: ~/.aws/credentials
2023-12-13 17:07:43,765 Found credentials in shared credentials file: ~/.aws/credentials
2023-12-13 17:10:31,638 Found credentials in shared credentials file: ~/.aws/credentials
2023-12-13 17:13:39,150 Found credentials in shared credentials file: ~/.aws/credentials
2023-12-13 17:21:17,424 Inserted data into table with statement: INSERT INTO acd_seal_prediction_results VALUES ('2023-06-06 06:00:00', '2023-06-09 18:00:07', 'Available Data, hh:mm:ss', NULL, '3.5', NULL, 'acd')
2023-12-13 17:21:26,673 Inserted data into table with statement: INSERT INTO acd_seal_prediction_results VALUES ('2023-06-06 06:00:00', '2023-06-09 18:00:07', 'ACD Active, hh:mm:ss', NULL, '2.9383796296315268', NULL, 'acd')
2023-12-13 17:21:31,460 Inserted data into table with statement: INSERT INTO acd_seal_prediction_results VALUES ('2023-06-06 06:00:00', '2023-06-09 18:00:07', 'Drilling Time, hh:mm:ss', NULL, '1.6038773148320615', NULL, 'acd')
2023-12-13 17:21:34,874 Inserted data into table with statement: INSERT INTO acd_seal_prediction_results VALUES ('2023-06-06 06:00:00', '2023-06-09 18:00:07', 'Stripping Time, hh:mm:ss', NULL, '1.0001388888558722', NULL, 'acd')
2023-12-13 17:21:38,144 Inserted data into table with statement: INSERT INTO acd_seal_prediction_results VALUES ('2023-06-06 06:00:00', '2023-06-09 18:00:07', 'In-Slips Time, hh:mm:ss', NULL, '0.33436342594359303', NULL, 'acd')
2023-12-13 17:21:41,117 Inserted data into table with statement: INSERT INTO acd_seal_prediction_results VALUES ('2023-06-06 06:00:00', '2023-06-09 18:00:07', 'Lube Pump Active Time, hh:mm:ss', NULL, '0.001597222224518191', NULL, 'acd')
2023-12-13 17:21:44,479 Inserted data into table with statement: INSERT INTO acd_seal_prediction_results VALUES ('2023-06-06 06:00:00', '2023-06-09 18:00:07', 'Hole Measured Depth In', NULL, '12834.0', 'ft', 'acd')
2023-12-13 17:21:47,893 Inserted data into table with statement: INSERT INTO acd_seal_prediction_results VALUES ('2023-06-06 06:00:00', '2023-06-09 18:00:07', 'Hole Measured Depth Out', NULL, '12834.0', 'ft', 'acd')
2023-12-13 17:21:50,911 Inserted data into table with statement: INSERT INTO acd_seal_prediction_results VALUES ('2023-06-06 06:00:00', '2023-06-09 18:00:07', 'New Hole Drilled', NULL, '0.0', 'ft', 'acd')
2023-12-13 17:21:53,618 Inserted data into table with statement: INSERT INTO acd_seal_prediction_results VALUES ('2023-06-06 06:00:00', '2023-06-09 18:00:07', 'Drilled length', NULL, '11545.0', 'ft', 'acd')
2023-12-13 17:21:56,634 Inserted data into table with statement: INSERT INTO acd_seal_prediction_results VALUES ('2023-06-06 06:00:00', '2023-06-09 18:00:07', 'Stripped length', NULL, '19022.0', 'ft', 'acd')
2023-12-13 17:21:59,382 Inserted data into table with statement: INSERT INTO acd_seal_prediction_results VALUES ('2023-06-06 06:00:00', '2023-06-09 18:00:07', 'Average ROP, ft/hr', NULL, '299.9', NULL, 'acd')
2023-12-13 17:22:02,250 Inserted data into table with statement: INSERT INTO acd_seal_prediction_results VALUES ('2023-06-06 06:00:00', '2023-06-09 18:00:07', 'Pipe OD, in', NULL, '6.63', NULL, 'acd')
2023-12-13 17:22:05,610 Inserted data into table with statement: INSERT INTO acd_seal_prediction_results VALUES ('2023-06-06 06:00:00', '2023-06-09 18:00:07', 'Tool Joint OD, in', NULL, '8.5', NULL, 'acd')
2023-12-13 17:22:08,232 Inserted data into table with statement: INSERT INTO acd_seal_prediction_results VALUES ('2023-06-06 06:00:00', '2023-06-09 18:00:07', 'Total Revolutions, krev', NULL, '152.6', NULL, 'acd')
2023-12-13 17:22:11,171 Inserted data into table with statement: INSERT INTO acd_seal_prediction_results VALUES ('2023-06-06 06:00:00', '2023-06-09 18:00:07', 'Average RPM', NULL, '66.09462745734449', NULL, 'acd')
2023-12-13 17:22:14,079 Inserted data into table with statement: INSERT INTO acd_seal_prediction_results VALUES ('2023-06-06 06:00:00', '2023-06-09 18:00:07', 'Maximum RPM', NULL, '179.0', NULL, 'acd')
2023-12-13 17:22:17,025 Inserted data into table with statement: INSERT INTO acd_seal_prediction_results VALUES ('2023-06-06 06:00:00', '2023-06-09 18:00:07', 'Total Rotary Displacement', NULL, '265014.0', NULL, 'acd')
2023-12-13 17:22:19,944 Inserted data into table with statement: INSERT INTO acd_seal_prediction_results VALUES ('2023-06-06 06:00:00', '2023-06-09 18:00:07', 'Total Axial Displacement', NULL, '30567.0', NULL, 'acd')
2023-12-13 17:22:22,628 Inserted data into table with statement: INSERT INTO acd_seal_prediction_results VALUES ('2023-06-06 06:00:00', '2023-06-09 18:00:07', 'Total Displacement', NULL, '290892.8', NULL, 'acd')
2023-12-13 17:22:25,310 Inserted data into table with statement: INSERT INTO acd_seal_prediction_results VALUES ('2023-06-06 06:00:00', '2023-06-09 18:00:07', 'Axial/Rotary Displacement, %', NULL, '11.534107632049627', NULL, 'acd')
2023-12-13 17:22:27,991 Inserted data into table with statement: INSERT INTO acd_seal_prediction_results VALUES ('2023-06-06 06:00:00', '2023-06-09 18:00:07', 'UACD: Rotated Tool Joints', 'Total', '211.0', NULL, 'acd')
2023-12-13 17:22:30,790 Inserted data into table with statement: INSERT INTO acd_seal_prediction_results VALUES ('2023-06-06 06:00:00', '2023-06-09 18:00:07', 'UACD: Rotated Tool Joints', 'TJ1', '76.0', NULL, 'acd')
2023-12-13 17:22:33,445 Inserted data into table with statement: INSERT INTO acd_seal_prediction_results VALUES ('2023-06-06 06:00:00', '2023-06-09 18:00:07', 'UACD: Rotated Tool Joints', 'TJ2', '81.0', NULL, 'acd')
2023-12-13 17:22:36,385 Inserted data into table with statement: INSERT INTO acd_seal_prediction_results VALUES ('2023-06-06 06:00:00', '2023-06-09 18:00:07', 'UACD: Rotated Tool Joints', 'TJ3', '54.0', NULL, 'acd')
2023-12-13 17:22:39,001 Inserted data into table with statement: INSERT INTO acd_seal_prediction_results VALUES ('2023-06-06 06:00:00', '2023-06-09 18:00:07', 'UACD: Stripped Tool Joints', 'Total', '184.0', NULL, 'acd')
2023-12-13 17:22:41,825 Inserted data into table with statement: INSERT INTO acd_seal_prediction_results VALUES ('2023-06-06 06:00:00', '2023-06-09 18:00:07', 'UACD: Stripped Tool Joints', 'TJ1', '55.0', NULL, 'acd')
2023-12-13 17:22:44,736 Inserted data into table with statement: INSERT INTO acd_seal_prediction_results VALUES ('2023-06-06 06:00:00', '2023-06-09 18:00:07', 'UACD: Stripped Tool Joints', 'TJ2', '66.0', NULL, 'acd')
2023-12-13 17:22:47,331 Inserted data into table with statement: INSERT INTO acd_seal_prediction_results VALUES ('2023-06-06 06:00:00', '2023-06-09 18:00:07', 'UACD: Stripped Tool Joints', 'TJ3', '63.0', NULL, 'acd')
2023-12-13 17:22:50,044 Inserted data into table with statement: INSERT INTO acd_seal_prediction_results VALUES ('2023-06-06 06:00:00', '2023-06-09 18:00:07', 'LACD: Rotated Tool Joints', 'Total', '213.0', NULL, 'acd')
2023-12-13 17:22:52,831 Inserted data into table with statement: INSERT INTO acd_seal_prediction_results VALUES ('2023-06-06 06:00:00', '2023-06-09 18:00:07', 'LACD: Rotated Tool Joints', 'TJ1', '77.0', NULL, 'acd')
2023-12-13 17:22:55,739 Inserted data into table with statement: INSERT INTO acd_seal_prediction_results VALUES ('2023-06-06 06:00:00', '2023-06-09 18:00:07', 'LACD: Rotated Tool Joints', 'TJ2', '81.0', NULL, 'acd')
2023-12-13 17:22:58,311 Inserted data into table with statement: INSERT INTO acd_seal_prediction_results VALUES ('2023-06-06 06:00:00', '2023-06-09 18:00:07', 'LACD: Rotated Tool Joints', 'TJ3', '55.0', NULL, 'acd')
2023-12-13 17:23:01,544 Inserted data into table with statement: INSERT INTO acd_seal_prediction_results VALUES ('2023-06-06 06:00:00', '2023-06-09 18:00:07', 'LACD: Stripped Tool Joints', 'Total', '189.0', NULL, 'acd')
2023-12-13 17:23:04,229 Inserted data into table with statement: INSERT INTO acd_seal_prediction_results VALUES ('2023-06-06 06:00:00', '2023-06-09 18:00:07', 'LACD: Stripped Tool Joints', 'TJ1', '55.0', NULL, 'acd')
2023-12-13 17:23:07,119 Inserted data into table with statement: INSERT INTO acd_seal_prediction_results VALUES ('2023-06-06 06:00:00', '2023-06-09 18:00:07', 'LACD: Stripped Tool Joints', 'TJ2', '72.0', NULL, 'acd')
2023-12-13 17:23:10,056 Inserted data into table with statement: INSERT INTO acd_seal_prediction_results VALUES ('2023-06-06 06:00:00', '2023-06-09 18:00:07', 'LACD: Stripped Tool Joints', 'TJ3', '62.0', NULL, 'acd')
2023-12-13 17:23:13,025 Inserted data into table with statement: INSERT INTO acd_seal_prediction_results VALUES ('2023-06-06 06:00:00', '2023-06-09 18:00:07', 'UACD: Equivalent Drilled Footage', NULL, '9495.0', 'ft', 'acd')
2023-12-13 17:23:15,772 Inserted data into table with statement: INSERT INTO acd_seal_prediction_results VALUES ('2023-06-06 06:00:00', '2023-06-09 18:00:07', 'UACD: Equivalent Stripped Footage', NULL, '8280.0', 'ft', 'acd')
2023-12-13 17:23:18,668 Inserted data into table with statement: INSERT INTO acd_seal_prediction_results VALUES ('2023-06-06 06:00:00', '2023-06-09 18:00:07', 'LACD: Equivalent Drilled Footage', NULL, '9585.0', 'ft', 'acd')
2023-12-13 17:23:21,793 Inserted data into table with statement: INSERT INTO acd_seal_prediction_results VALUES ('2023-06-06 06:00:00', '2023-06-09 18:00:07', 'LACD: Equivalent Stripped Footage', NULL, '8505.0', 'ft', 'acd')
2023-12-13 17:23:25,076 Inserted data into table with statement: INSERT INTO acd_seal_prediction_results VALUES ('2023-06-06 06:00:00', '2023-06-09 18:00:07', 'UACD: Applied Mechanical Energy, ft-lb', NULL, '107525434110.397', NULL, 'acd')
2023-12-13 17:23:27,597 Inserted data into table with statement: INSERT INTO acd_seal_prediction_results VALUES ('2023-06-06 06:00:00', '2023-06-09 18:00:07', 'LACD: Applied Mechanical Energy, ft-lb', NULL, '134549949910.34407', NULL, 'acd')
2023-12-13 17:23:30,146 Inserted data into table with statement: INSERT INTO acd_seal_prediction_results VALUES ('2023-06-06 06:00:00', '2023-06-09 18:00:07', 'UACD: Effective Mechanical Energy, ft-lb', NULL, '4247069866.457826', NULL, 'acd')
2023-12-13 17:23:32,794 Inserted data into table with statement: INSERT INTO acd_seal_prediction_results VALUES ('2023-06-06 06:00:00', '2023-06-09 18:00:07', 'LACD: Effective Mechanical Energy, ft-lb', NULL, '24642709049.38822', NULL, 'acd')
2023-12-13 17:23:35,470 Inserted data into table with statement: INSERT INTO acd_seal_prediction_results VALUES ('2023-06-06 06:00:00', '2023-06-09 18:00:07', 'UACD: Combined Energy Formula, ft-lb', NULL, '29006259467.167877', NULL, 'acd')
2023-12-13 17:23:38,027 Inserted data into table with statement: INSERT INTO acd_seal_prediction_results VALUES ('2023-06-06 06:00:00', '2023-06-09 18:00:07', 'LACD: Combined Energy Formula, ft-lb', NULL, '40079796217.615265', NULL, 'acd')
2023-12-13 17:23:41,159 Inserted data into table with statement: INSERT INTO acd_seal_prediction_results VALUES ('2023-06-06 06:00:00', '2023-06-09 18:00:07', 'Available Data, hh:mm:ss', NULL, '3.5', NULL, 'dsit')
2023-12-13 17:23:43,744 Inserted data into table with statement: INSERT INTO acd_seal_prediction_results VALUES ('2023-06-06 06:00:00', '2023-06-09 18:00:07', 'DSIT Active, hh:mm:ss', NULL, NULL, NULL, 'dsit')
2023-12-13 17:23:46,358 Inserted data into table with statement: INSERT INTO acd_seal_prediction_results VALUES ('2023-06-06 06:00:00', '2023-06-09 18:00:07', 'Drilled length', NULL, '0.0', 'ft', 'dsit')
2023-12-13 17:23:49,315 Inserted data into table with statement: INSERT INTO acd_seal_prediction_results VALUES ('2023-06-06 06:00:00', '2023-06-09 18:00:07', 'Stripped length', NULL, '0.0', 'ft', 'dsit')
2023-12-13 17:23:52,784 Inserted data into table with statement: INSERT INTO acd_seal_prediction_results VALUES ('2023-06-06 06:00:00', '2023-06-09 18:00:07', 'Total Revolutions, rev', NULL, '0.0', NULL, 'dsit')
2023-12-13 17:23:55,551 Inserted data into table with statement: INSERT INTO acd_seal_prediction_results VALUES ('2023-06-06 06:00:00', '2023-06-09 18:00:07', 'Total Rotary Displacement', NULL, '0.0', 'ft', 'dsit')
2023-12-13 17:23:58,347 Inserted data into table with statement: INSERT INTO acd_seal_prediction_results VALUES ('2023-06-06 06:00:00', '2023-06-09 18:00:07', 'Total Axial Displacement', NULL, '0.0', 'ft', 'dsit')
2023-12-13 17:24:01,155 Inserted data into table with statement: INSERT INTO acd_seal_prediction_results VALUES ('2023-06-06 06:00:00', '2023-06-09 18:00:07', 'Total Displacement', NULL, '0.0', 'ft', 'dsit')
2023-12-13 17:24:03,968 Inserted data into table with statement: INSERT INTO acd_seal_prediction_results VALUES ('2023-06-06 06:00:00', '2023-06-09 18:00:07', 'Rotary/Axial Displacement, %', NULL, NULL, '%', 'dsit')
2023-12-13 17:24:07,419 Inserted data into table with statement: INSERT INTO acd_seal_prediction_results VALUES ('2023-06-06 06:00:00', '2023-06-09 18:00:07', 'DSIT: Rotated Tool Joints', 'Total', '0.0', NULL, 'dsit')
2023-12-13 17:24:10,247 Inserted data into table with statement: INSERT INTO acd_seal_prediction_results VALUES ('2023-06-06 06:00:00', '2023-06-09 18:00:07', 'DSIT: Rotated Tool Joints', 'TJ1', NULL, NULL, 'dsit')
2023-12-13 17:24:13,188 Inserted data into table with statement: INSERT INTO acd_seal_prediction_results VALUES ('2023-06-06 06:00:00', '2023-06-09 18:00:07', 'DSIT: Rotated Tool Joints', 'TJ2', NULL, NULL, 'dsit')
2023-12-13 17:24:15,797 Inserted data into table with statement: INSERT INTO acd_seal_prediction_results VALUES ('2023-06-06 06:00:00', '2023-06-09 18:00:07', 'DSIT: Rotated Tool Joints', 'TJ3', NULL, NULL, 'dsit')
2023-12-13 17:24:18,568 Inserted data into table with statement: INSERT INTO acd_seal_prediction_results VALUES ('2023-06-06 06:00:00', '2023-06-09 18:00:07', 'DSIT: Stripped Tool Joints', 'Total', '0.0', NULL, 'dsit')
2023-12-13 17:24:21,152 Inserted data into table with statement: INSERT INTO acd_seal_prediction_results VALUES ('2023-06-06 06:00:00', '2023-06-09 18:00:07', 'DSIT: Stripped Tool Joints', 'TJ1', NULL, NULL, 'dsit')
2023-12-13 17:24:23,881 Inserted data into table with statement: INSERT INTO acd_seal_prediction_results VALUES ('2023-06-06 06:00:00', '2023-06-09 18:00:07', 'DSIT: Stripped Tool Joints', 'TJ2', NULL, NULL, 'dsit')
2023-12-13 17:24:26,671 Inserted data into table with statement: INSERT INTO acd_seal_prediction_results VALUES ('2023-06-06 06:00:00', '2023-06-09 18:00:07', 'DSIT: Stripped Tool Joints', 'TJ3', NULL, NULL, 'dsit')
2023-12-13 17:24:29,261 Inserted data into table with statement: INSERT INTO acd_seal_prediction_results VALUES ('2023-06-06 06:00:00', '2023-06-09 18:00:07', 'DSIT: Equivalent Stripped Footage', NULL, '0.0', 'ft', 'dsit')
2023-12-13 17:24:31,799 Inserted data into table with statement: INSERT INTO acd_seal_prediction_results VALUES ('2023-06-06 06:00:00', '2023-06-09 18:00:07', 'Closure Cycles', NULL, '0.0', NULL, 'dsit')
